Started GET "/" for ::1 at 2019-10-14 22:34:14 -0300
  [1m[35m (0.7ms)[0m  [1m[34mSELECT sqlite_version(*)[0m
Processing by WelcomeController#index as HTML
  Rendering welcome/index.html.erb within layouts/application
  Rendered welcome/index.html.erb within layouts/application (Duration: 0.6ms | Allocations: 348)
[Webpacker] Compiling…
[Webpacker] Compiled all packs in /home/breno/git/personal/ruby/reclame-ai/public/packs
Completed 200 OK in 3134ms (Views: 3126.5ms | ActiveRecord: 0.0ms | Allocations: 1442853)


  [1m[35m (0.6ms)[0m  [1m[34mSELECT sqlite_version(*)[0m
  [1m[35m (15.2ms)[0m  [1m[35mCREATE TABLE "schema_migrations" ("version" varchar NOT NULL PRIMARY KEY)[0m
  [1m[35m (11.4ms)[0m  [1m[35mCREATE TABLE "ar_internal_metadata" ("key" varchar NOT NULL PRIMARY KEY, "value" varchar, "created_at" datetime(6) NOT NULL, "updated_at" datetime(6) NOT NULL)[0m
  [1m[35m (0.1ms)[0m  [1m[34mSELECT "schema_migrations"."version" FROM "schema_migrations" ORDER BY "schema_migrations"."version" ASC[0m
Migrating to CreateReclamacaos (20191015020015)
  [1m[35m (0.1ms)[0m  [1m[36mbegin transaction[0m
  [1m[35m (0.3ms)[0m  [1m[35mCREATE TABLE "reclamacaos" ("id" integer PRIMARY KEY AUTOINCREMENT NOT NULL, "nome" varchar, "cep" varchar, "email" varchar, "telefone" varchar, "cod_pedido" varchar, "titulo" varchar, "descricao" text, "suspeito" varchar, "ip" varchar, "created_at" datetime(6) NOT NULL, "updated_at" datetime(6) NOT NULL)[0m
  [1m[36mprimary::SchemaMigration Create (0.2ms)[0m  [1m[32mINSERT INTO "schema_migrations" ("version") VALUES (?)[0m  [["version", "20191015020015"]]
  [1m[35m (10.3ms)[0m  [1m[36mcommit transaction[0m
  [1m[36mActiveRecord::InternalMetadata Load (0.2ms)[0m  [1m[34mSELECT "ar_internal_metadata".* FROM "ar_internal_metadata" WHERE "ar_internal_metadata"."key" = ? LIMIT ?[0m  [["key", "environment"], ["LIMIT", 1]]
  [1m[35m (0.1ms)[0m  [1m[36mbegin transaction[0m
  [1m[36mActiveRecord::InternalMetadata Create (0.6ms)[0m  [1m[32mINSERT INTO "ar_internal_metadata" ("key", "value", "created_at", "updated_at") VALUES (?, ?, ?, ?)[0m  [["key", "environment"], ["value", "development"], ["created_at", "2019-10-15 02:05:06.031224"], ["updated_at", "2019-10-15 02:05:06.031224"]]
  [1m[35m (10.6ms)[0m  [1m[36mcommit transaction[0m
  [1m[35m (0.1ms)[0m  [1m[34mSELECT sqlite_version(*)[0m
  [1m[35m (0.1ms)[0m  [1m[34mSELECT "schema_migrations"."version" FROM "schema_migrations" ORDER BY "schema_migrations"."version" ASC[0m
Started GET "/" for ::1 at 2019-10-14 23:26:42 -0300
  [1m[35m (0.7ms)[0m  [1m[34mSELECT sqlite_version(*)[0m
  [1m[35m (0.1ms)[0m  [1m[34mSELECT "schema_migrations"."version" FROM "schema_migrations" ORDER BY "schema_migrations"."version" ASC[0m
Processing by WelcomeController#index as HTML
  Rendering welcome/index.html.erb within layouts/application
  Rendered welcome/index.html.erb within layouts/application (Duration: 0.8ms | Allocations: 348)
Completed 500 Internal Server Error in 1802ms (ActiveRecord: 0.0ms | Allocations: 1626735)


  
ActionView::Template::Error (File to import not found or unreadable: bootstrap-responsive.
Load paths:
  /home/breno/git/personal/ruby/reclame-ai/app/assets/config
  /home/breno/git/personal/ruby/reclame-ai/app/assets/images
  /home/breno/git/personal/ruby/reclame-ai/app/assets/javascripts
  /home/breno/git/personal/ruby/reclame-ai/app/assets/stylesheets
  /var/lib/gems/2.5.0/gems/actioncable-6.0.0/app/assets/javascripts
  /var/lib/gems/2.5.0/gems/activestorage-6.0.0/app/assets/javascripts
  /var/lib/gems/2.5.0/gems/actionview-6.0.0/lib/assets/compiled
  /var/lib/gems/2.5.0/gems/turbolinks-source-5.2.0/lib/assets/javascripts
  /home/breno/git/personal/ruby/reclame-ai/node_modules
  /var/lib/gems/2.5.0/gems/bootstrap-sass-3.4.1/assets/stylesheets
  /var/lib/gems/2.5.0/gems/bootstrap-sass-3.4.1/assets/javascripts
  /var/lib/gems/2.5.0/gems/bootstrap-sass-3.4.1/assets/fonts
  /var/lib/gems/2.5.0/gems/bootstrap-sass-3.4.1/assets/images):
     6:     <title><%= content_for?(:title) ? yield(:title) : "Myapp" %></title>
     7:     <meta name="description" content="">
     8:     <meta name="author" content="">
     9:     <%= stylesheet_link_tag    "application", :media => "all" %>
    10:     <%= javascript_include_tag "application" %>
    11:     <%= csrf_meta_tags %>
    12:     <%= yield(:head) %>
  
app/assets/stylesheets/bootstrap_and_overrides.css.scss:3
app/views/layouts/application.html.erb:9
Started GET "/" for ::1 at 2019-10-14 23:31:27 -0300
Processing by WelcomeController#index as HTML
  Rendering welcome/index.html.erb within layouts/application
  Rendered welcome/index.html.erb within layouts/application (Duration: 0.1ms | Allocations: 5)
Completed 500 Internal Server Error in 1052ms (ActiveRecord: 0.0ms | Allocations: 1335461)


  
ActionView::Template::Error (couldn't find file 'jquery3' with type 'application/javascript'
Checked in these paths: 
  /home/breno/git/personal/ruby/reclame-ai/app/assets/config
  /home/breno/git/personal/ruby/reclame-ai/app/assets/images
  /home/breno/git/personal/ruby/reclame-ai/app/assets/javascripts
  /home/breno/git/personal/ruby/reclame-ai/app/assets/stylesheets
  /var/lib/gems/2.5.0/gems/actioncable-6.0.0/app/assets/javascripts
  /var/lib/gems/2.5.0/gems/activestorage-6.0.0/app/assets/javascripts
  /var/lib/gems/2.5.0/gems/actionview-6.0.0/lib/assets/compiled
  /var/lib/gems/2.5.0/gems/turbolinks-source-5.2.0/lib/assets/javascripts
  /home/breno/git/personal/ruby/reclame-ai/node_modules
  /var/lib/gems/2.5.0/gems/bootstrap-sass-3.4.1/assets/stylesheets
  /var/lib/gems/2.5.0/gems/bootstrap-sass-3.4.1/assets/javascripts
  /var/lib/gems/2.5.0/gems/bootstrap-sass-3.4.1/assets/fonts
  /var/lib/gems/2.5.0/gems/bootstrap-sass-3.4.1/assets/images):
     6:     <title><%= content_for?(:title) ? yield(:title) : "Myapp" %></title>
     7:     <meta name="description" content="">
     8:     <meta name="author" content="">
     9:     <%= stylesheet_link_tag    "application", :media => "all" %>
    10:     <%= javascript_include_tag "application" %>
    11:     <%= csrf_meta_tags %>
    12:     <%= yield(:head) %>
  
app/assets/javascripts/application.js:1
app/views/layouts/application.html.erb:9
Started GET "/" for ::1 at 2019-10-14 23:33:53 -0300
  [1m[35m (0.7ms)[0m  [1m[34mSELECT sqlite_version(*)[0m
  [1m[35m (0.2ms)[0m  [1m[34mSELECT "schema_migrations"."version" FROM "schema_migrations" ORDER BY "schema_migrations"."version" ASC[0m
Processing by WelcomeController#index as HTML
  Rendering welcome/index.html.erb within layouts/application
  Rendered welcome/index.html.erb within layouts/application (Duration: 0.5ms | Allocations: 348)
Completed 500 Internal Server Error in 4440ms (ActiveRecord: 0.0ms | Allocations: 3719330)


  
ActionView::Template::Error (Missing partial layouts/_navigation with {:locale=>[:en], :formats=>[:html], :variants=>[], :handlers=>[:raw, :erb, :html, :builder, :ruby, :jbuilder]}. Searched in:
  * "/home/breno/git/personal/ruby/reclame-ai/app/views"
  * "/var/lib/gems/2.5.0/gems/actiontext-6.0.0/app/views"
  * "/var/lib/gems/2.5.0/gems/actionmailbox-6.0.0/app/views"
):
    15:     <header class="navbar navbar-fixed-top">
    16:       <nav class="navbar-inner">
    17:         <div class="container">
    18:           <%= render 'layouts/navigation' %>
    19:         </div>
    20:       </nav>
    21:     </header>
  
app/views/layouts/application.html.erb:18
Started GET "/" for ::1 at 2019-10-14 23:37:14 -0300
Processing by WelcomeController#index as HTML
  Rendering welcome/index.html.erb within layouts/application
  Rendered welcome/index.html.erb within layouts/application (Duration: 0.6ms | Allocations: 84)
  Rendered layouts/_navigation.html.erb (Duration: 171.0ms | Allocations: 94132)
Completed 500 Internal Server Error in 215ms (ActiveRecord: 0.0ms | Allocations: 137107)


  
ActionView::Template::Error (undefined method `user_signed_in?' for #<#<Class:0x00007f822ebd44a0>:0x00007f822ebd2650>):
    1: <%= link_to "Home", root_path, :class => 'brand' %>
    2: <ul class="nav">
    3:   <% if user_signed_in? %>
    4:     <li>
    5:     <%= link_to('Logout', destroy_user_session_path, :method=>'delete') %>        
    6:     </li>
  
app/views/layouts/_navigation.html.erb:3
app/views/layouts/application.html.erb:18
Started GET "/" for ::1 at 2019-10-14 23:42:53 -0300
Processing by WelcomeController#index as HTML
  Rendering welcome/index.html.erb within layouts/application
  Rendered welcome/index.html.erb within layouts/application (Duration: 0.6ms | Allocations: 84)
  Rendered layouts/_navigation.html.erb (Duration: 0.4ms | Allocations: 191)
Completed 500 Internal Server Error in 63ms (ActiveRecord: 0.0ms | Allocations: 44243)


  
ActionView::Template::Error (Missing partial layouts/_messages with {:locale=>[:en], :formats=>[:html], :variants=>[], :handlers=>[:raw, :erb, :html, :builder, :ruby, :jbuilder]}. Searched in:
  * "/home/breno/git/personal/ruby/reclame-ai/app/views"
  * "/var/lib/gems/2.5.0/gems/actiontext-6.0.0/app/views"
  * "/var/lib/gems/2.5.0/gems/actionmailbox-6.0.0/app/views"
):
    24:         <div class="content">
    25:            <div class="row">
    26:             <div class="span12">
    27:               <%= render 'layouts/messages' %>
    28:               <%= yield %>
    29:             </div>
    30:           </div>
  
app/views/layouts/application.html.erb:27
Started GET "/" for ::1 at 2019-10-14 23:43:25 -0300
Processing by WelcomeController#index as HTML
  Rendering welcome/index.html.erb within layouts/application
  Rendered welcome/index.html.erb within layouts/application (Duration: 0.3ms | Allocations: 83)
  Rendered layouts/_navigation.html.erb (Duration: 0.4ms | Allocations: 185)
Completed 200 OK in 41ms (Views: 40.2ms | ActiveRecord: 0.0ms | Allocations: 43032)


Started GET "/" for ::1 at 2019-10-14 23:46:27 -0300
Processing by WelcomeController#index as HTML
  Rendering welcome/index.html.erb within layouts/application
  Rendered welcome/index.html.erb within layouts/application (Duration: 0.4ms | Allocations: 86)
  Rendered layouts/_navigation.html.erb (Duration: 0.4ms | Allocations: 227)
Completed 200 OK in 39ms (Views: 36.9ms | ActiveRecord: 0.0ms | Allocations: 43053)


Started GET "/" for ::1 at 2019-10-14 23:50:11 -0300
Processing by WelcomeController#index as HTML
  Rendering welcome/index.html.erb within layouts/application
  Rendered welcome/index.html.erb within layouts/application (Duration: 0.9ms | Allocations: 132)
  Rendered layouts/_navigation.html.erb (Duration: 0.5ms | Allocations: 222)
Completed 200 OK in 47ms (Views: 45.5ms | ActiveRecord: 0.0ms | Allocations: 43117)


